ANNIE  http://www.petfinder.com/petdetail/36978071
BABY  http://www.petfinder.com/petdetail/36649916
BABY GIRL  http://www.petfinder.com/petdetail/36916762
BAHAMA MAMA  http://www.petfinder.com/petdetail/35542212
BELLA  http://www.petfinder.com/petdetail/37048083
BIG BOY  http://www.petfinder.com/petdetail/34490015
BLACKIE  http://www.petfinder.com/petdetail/37041698
BRAXTON  http://www.petfinder.com/petdetail/36823922
BRENTON  http://www.petfinder.com/petdetail/36883849
BUBBITS  http://www.petfinder.com/petdetail/36978075
CARMELLA AND SNOWY  http://www.petfinder.com/petdetail/36923846
CASPER  http://www.petfinder.com/petdetail/36997023
CHLOE  http://www.petfinder.com/petdetail/33882061
CHUNK  http://www.petfinder.com/petdetail/36704164
DESTINY  http://www.petfinder.com/petdetail/37032837
EMMY  http://www.petfinder.com/petdetail/30301355
FA  http://www.petfinder.com/petdetail/36997072
FRANKIE  http://www.petfinder.com/petdetail/36931771
FRECKLES  http://www.petfinder.com/petdetail/35290100
GIZMO  http://www.petfinder.com/petdetail/36909455
GRACIE  http://www.petfinder.com/petdetail/36884535
GROUCHO  http://www.petfinder.com/petdetail/37024534
HARRY  http://www.petfinder.com/petdetail/36977933
HENRY  http://www.petfinder.com/petdetail/37024547
HERBIE  http://www.petfinder.com/petdetail/37048113
HOLLYWOOD  http://www.petfinder.com/petdetail/36837268
HONEY  http://www.petfinder.com/petdetail/33858656
JANICE  http://www.petfinder.com/petdetail/36933961
JIMBO  http://www.petfinder.com/petdetail/36916783
JULIAN  http://www.petfinder.com/petdetail/37041559
KATT  http://www.petfinder.com/petdetail/36625822
KITTY  http://www.petfinder.com/petdetail/36949657
LILLIAN  http://www.petfinder.com/petdetail/34557130
MACY  http://www.petfinder.com/petdetail/36949439
MARIO  http://www.petfinder.com/petdetail/37041396
MEOW MEOW  http://www.petfinder.com/petdetail/36391298
MIKEY  http://www.petfinder.com/petdetail/36972340
MIRACLE  http://www.petfinder.com/petdetail/37001910
MISSY  http://www.petfinder.com/petdetail/37041318
MOM-HEIDI  http://www.petfinder.com/petdetail/36703555
MUNCHY  http://www.petfinder.com/petdetail/36972057
MURPHY  http://www.petfinder.com/petdetail/36810788
NIBBLES  http://www.petfinder.com/petdetail/36556555
OATMEAL  http://www.petfinder.com/petdetail/37049323
OLIVE  http://www.petfinder.com/petdetail/36933882
OLIVER  http://www.petfinder.com/petdetail/36357123
OREO  http://www.petfinder.com/petdetail/36738886
OSCAR  http://www.petfinder.com/petdetail/36995694
PENNY  http://www.petfinder.com/petdetail/34764709
RUSTY  http://www.petfinder.com/petdetail/36917468
SAINT JOHN  http://www.petfinder.com/petdetail/36972272
SASHA  http://www.petfinder.com/petdetail/36815827
SHADOW  http://www.petfinder.com/petdetail/36949611
SHY GIRL &AMP FIONA  http://www.petfinder.com/petdetail/37022989
SNICKERDOODLE  http://www.petfinder.com/petdetail/37049327
SOLO  http://www.petfinder.com/petdetail/36798614
SPICE  http://www.petfinder.com/petdetail/36943226
SPRITZ  http://www.petfinder.com/petdetail/37049331
SQUIRLLY  http://www.petfinder.com/petdetail/37032821
SUGAR  http://www.petfinder.com/petdetail/37049334
TAZ  http://www.petfinder.com/petdetail/37035857
TIGER  http://www.petfinder.com/petdetail/36949680
TINY TIM  http://www.petfinder.com/petdetail/36972368
WILEY  http://www.petfinder.com/petdetail/36740841
ZENA  http://www.petfinder.com/petdetail/36660807
